{"C:\\Users\\User\\Desktop\\test-ui-package\\src\\components\\Button\\Button.tsx": {"path":"C:\\Users\\User\\Desktop\\test-ui-package\\src\\components\\Button\\Button.tsx","statementMap":{"0":{"start":{"line":3,"column":0},"end":{"line":3,"column":22}},"1":{"start":{"line":9,"column":33},"end":{"line":15,"column":1}},"2":{"start":{"line":10,"column":2},"end":{"line":14,"column":4}},"3":{"start":{"line":9,"column":13},"end":{"line":9,"column":33}}},"fnMap":{"0":{"name":"(anonymous_0)","decl":{"start":{"line":9,"column":33},"end":{"line":9,"column":34}},"loc":{"start":{"line":9,"column":46},"end":{"line":15,"column":1}}}},"branchMap":{},"s":{"0":1,"1":1,"2":1,"3":1},"f":{"0":1},"b":{}}
,"C:\\Users\\User\\Desktop\\test-ui-package\\src\\tests\\styleMock.js": {"path":"C:\\Users\\User\\Desktop\\test-ui-package\\src\\tests\\styleMock.js","statementMap":{"0":{"start":{"line":1,"column":0},"end":{"line":1,"column":20}}},"fnMap":{},"branchMap":{},"s":{"0":1},"f":{},"b":{},"inputSourceMap":null,"_coverageSchema":"1a1c01bbd47fc00a2c39e90264f33305004495a9","hash":"8c86ff4179026f8b064cad5b11c23da2cf3aca31"}
}
